2024-09-13 19:26:55 : [undefined] : info : server running
2024-09-13 19:26:57 : [undefined] : info : server running
2024-09-13 19:26:59 : [undefined] : info : server running
2024-09-13 19:27:00 : [undefined] : info : server running
2024-09-13 19:27:02 : [undefined] : info : server running
2024-09-13 19:27:58 : [function createFormatWrap(opts) {
    return new Format(opts);
  }] : info : server running
2024-09-13 19:28:38 : info : server running
2024-09-15 13:30:48 : info : server running
2024-09-15 13:30:49 : info : server running
2024-09-15 13:32:07 : info : server running
2024-09-15 13:32:13 : info : server running
2024-09-15 13:32:14 : info : server running
2024-09-15 13:32:16 : info : server running
2024-09-15 13:32:19 : info : server running
2024-09-15 13:33:14 : info : server running
2024-09-15 13:34:07 : info : server running
2024-09-15 13:34:08 : info : server running
2024-09-15 13:34:44 : info : server running
2024-09-15 13:34:53 : info : server running
2024-09-15 13:34:57 : info : server running
2024-09-15 13:35:11 : info : server running
2024-09-15 13:35:44 : info : server running
2024-09-15 13:35:47 : info : server running
2024-09-15 13:35:52 : info : server running
